2025-06-05 14:50:55,954 - root - INFO - Starting application...
2025-06-05 14:50:55,961 - apscheduler.scheduler - INFO - Adding job tentatively -- it will be properly scheduled when the scheduler starts
2025-06-05 14:50:55,963 - apscheduler.scheduler - INFO - Added job "Execute Retention Policies" to job store "default"
2025-06-05 14:50:55,965 - apscheduler.scheduler - INFO - Scheduler started
2025-06-05 14:50:55,967 - scheduler - INFO - Retention policy scheduler started (interval: 6 hours)
2025-06-05 14:50:55,969 - root - INFO - Background scheduler started successfully
2025-06-05 14:50:55,971 - apscheduler.executors.default - INFO - Running job "Execute Retention Policies (trigger: interval[6:00:00], next run at: 2025-06-05 20:50:55 UTC)" (scheduled at 2025-06-05 14:50:55.961039+00:00)
2025-06-05 14:50:55,974 - scheduler - INFO - Starting scheduled retention policy execution
2025-06-05 14:50:55,987 - retention_service - INFO - Executing 3 enabled retention policies
2025-06-05 14:50:56,003 - retention_service - INFO - Executing policy 1: prometheus_* (retention: 7 days)
2025-06-05 14:50:56,014 - retention_service - INFO - Found 186 metrics matching pattern 'prometheus_*'
2025-06-05 14:50:56,021 - retention_service - WARNING - Bad request for metric prometheus_api_notification_active_subscribers: {"status":"error","errorType":"bad_data","error":"invalid parameter \"match[]\": 1:48: parse error: unexpected \"}\" in label matching, expected label matching operator"}
2025-06-05 14:50:56,025 - retention_service - WARNING - Bad request for metric prometheus_api_notification_updates_dropped_total: {"status":"error","errorType":"bad_data","error":"invalid parameter \"match[]\": 1:51: parse error: unexpected \"}\" in label matching, expected label matching operator"}
2025-06-05 14:50:56,029 - retention_service - WARNING - Bad request for metric prometheus_api_notification_updates_sent_total: {"status":"error","errorType":"bad_data","error":"invalid parameter \"match[]\": 1:48: parse error: unexpected \"}\" in label matching, expected label matching operator"}
2025-06-05 14:50:56,033 - retention_service - WARNING - Bad request for metric prometheus_build_info: {"status":"error","errorType":"bad_data","error":"invalid parameter \"match[]\": 1:23: parse error: unexpected \"}\" in label matching, expected label matching operator"}
2025-06-05 14:50:56,037 - retention_service - WARNING - Bad request for metric prometheus_config_last_reload_success_timestamp_seconds: {"status":"error","errorType":"bad_data","error":"invalid parameter \"match[]\": 1:57: parse error: unexpected \"}\" in label matching, expected label matching operator"}
2025-06-05 14:50:56,042 - retention_service - WARNING - Bad request for metric prometheus_config_last_reload_successful: {"status":"error","errorType":"bad_data","error":"invalid parameter \"match[]\": 1:42: parse error: unexpected \"}\" in label matching, expected label matching operator"}
2025-06-05 14:50:56,050 - retention_service - WARNING - Bad request for metric prometheus_engine_queries: {"status":"error","errorType":"bad_data","error":"invalid parameter \"match[]\": 1:27: parse error: unexpected \"}\" in label matching, expected label matching operator"}
2025-06-05 14:50:56,057 - retention_service - WARNING - Bad request for metric prometheus_engine_queries_concurrent_max: {"status":"error","errorType":"bad_data","error":"invalid parameter \"match[]\": 1:42: parse error: unexpected \"}\" in label matching, expected label matching operator"}
2025-06-05 14:50:56,061 - retention_service - WARNING - Bad request for metric prometheus_engine_query_duration_seconds: {"status":"error","errorType":"bad_data","error":"invalid parameter \"match[]\": 1:42: parse error: unexpected \"}\" in label matching, expected label matching operator"}
2025-06-05 14:50:56,066 - retention_service - WARNING - Bad request for metric prometheus_engine_query_duration_seconds_count: {"status":"error","errorType":"bad_data","error":"invalid parameter \"match[]\": 1:48: parse error: unexpected \"}\" in label matching, expected label matching operator"}
2025-06-05 14:50:56,073 - retention_service - WARNING - Bad request for metric prometheus_engine_query_duration_seconds_sum: {"status":"error","errorType":"bad_data","error":"invalid parameter \"match[]\": 1:46: parse error: unexpected \"}\" in label matching, expected label matching operator"}
2025-06-05 14:50:56,077 - retention_service - WARNING - Bad request for metric prometheus_engine_query_log_enabled: {"status":"error","errorType":"bad_data","error":"invalid parameter \"match[]\": 1:37: parse error: unexpected \"}\" in label matching, expected label matching operator"}
2025-06-05 14:50:56,082 - retention_service - WARNING - Bad request for metric prometheus_engine_query_log_failures_total: {"status":"error","errorType":"bad_data","error":"invalid parameter \"match[]\": 1:44: parse error: unexpected \"}\" in label matching, expected label matching operator"}
2025-06-05 14:50:56,086 - retention_service - WARNING - Bad request for metric prometheus_engine_query_samples_total: {"status":"error","errorType":"bad_data","error":"invalid parameter \"match[]\": 1:39: parse error: unexpected \"}\" in label matching, expected label matching operator"}
2025-06-05 14:50:56,091 - retention_service - WARNING - Bad request for metric prometheus_http_request_duration_seconds_bucket: {"status":"error","errorType":"bad_data","error":"invalid parameter \"match[]\": 1:49: parse error: unexpected \"}\" in label matching, expected label matching operator"}
2025-06-05 14:50:56,098 - retention_service - WARNING - Bad request for metric prometheus_http_request_duration_seconds_count: {"status":"error","errorType":"bad_data","error":"invalid parameter \"match[]\": 1:48: parse error: unexpected \"}\" in label matching, expected label matching operator"}
2025-06-05 14:50:56,101 - retention_service - WARNING - Bad request for metric prometheus_http_request_duration_seconds_sum: {"status":"error","errorType":"bad_data","error":"invalid parameter \"match[]\": 1:46: parse error: unexpected \"}\" in label matching, expected label matching operator"}
2025-06-05 14:50:56,105 - retention_service - WARNING - Bad request for metric prometheus_http_requests_total: {"status":"error","errorType":"bad_data","error":"invalid parameter \"match[]\": 1:32: parse error: unexpected \"}\" in label matching, expected label matching operator"}
2025-06-05 14:50:56,109 - retention_service - WARNING - Bad request for metric prometheus_http_response_size_bytes_bucket: {"status":"error","errorType":"bad_data","error":"invalid parameter \"match[]\": 1:44: parse error: unexpected \"}\" in label matching, expected label matching operator"}
2025-06-05 14:50:56,114 - retention_service - WARNING - Bad request for metric prometheus_http_response_size_bytes_count: {"status":"error","errorType":"bad_data","error":"invalid parameter \"match[]\": 1:43: parse error: unexpected \"}\" in label matching, expected label matching operator"}
2025-06-05 14:50:56,117 - retention_service - WARNING - Bad request for metric prometheus_http_response_size_bytes_sum: {"status":"error","errorType":"bad_data","error":"invalid parameter \"match[]\": 1:41: parse error: unexpected \"}\" in label matching, expected label matching operator"}
2025-06-05 14:50:56,121 - retention_service - WARNING - Bad request for metric prometheus_notifications_alertmanagers_discovered: {"status":"error","errorType":"bad_data","error":"invalid parameter \"match[]\": 1:51: parse error: unexpected \"}\" in label matching, expected label matching operator"}
2025-06-05 14:50:56,127 - retention_service - WARNING - Bad request for metric prometheus_notifications_dropped_total: {"status":"error","errorType":"bad_data","error":"invalid parameter \"match[]\": 1:40: parse error: unexpected \"}\" in label matching, expected label matching operator"}
2025-06-05 14:50:56,132 - retention_service - WARNING - Bad request for metric prometheus_notifications_queue_capacity: {"status":"error","errorType":"bad_data","error":"invalid parameter \"match[]\": 1:41: parse error: unexpected \"}\" in label matching, expected label matching operator"}
2025-06-05 14:50:56,141 - retention_service - WARNING - Bad request for metric prometheus_notifications_queue_length: {"status":"error","errorType":"bad_data","error":"invalid parameter \"match[]\": 1:39: parse error: unexpected \"}\" in label matching, expected label matching operator"}
2025-06-05 14:50:56,144 - retention_service - WARNING - Bad request for metric prometheus_ready: {"status":"error","errorType":"bad_data","error":"invalid parameter \"match[]\": 1:18: parse error: unexpected \"}\" in label matching, expected label matching operator"}
2025-06-05 14:50:56,148 - retention_service - WARNING - Bad request for metric prometheus_remote_read_handler_queries: {"status":"error","errorType":"bad_data","error":"invalid parameter \"match[]\": 1:40: parse error: unexpected \"}\" in label matching, expected label matching operator"}
2025-06-05 14:50:56,153 - retention_service - WARNING - Bad request for metric prometheus_remote_storage_exemplars_in_total: {"status":"error","errorType":"bad_data","error":"invalid parameter \"match[]\": 1:46: parse error: unexpected \"}\" in label matching, expected label matching operator"}
2025-06-05 14:50:56,156 - retention_service - WARNING - Bad request for metric prometheus_remote_storage_highest_timestamp_in_seconds: {"status":"error","errorType":"bad_data","error":"invalid parameter \"match[]\": 1:56: parse error: unexpected \"}\" in label matching, expected label matching operator"}
2025-06-05 14:50:56,160 - retention_service - WARNING - Bad request for metric prometheus_remote_storage_histograms_in_total: {"status":"error","errorType":"bad_data","error":"invalid parameter \"match[]\": 1:47: parse error: unexpected \"}\" in label matching, expected label matching operator"}
2025-06-05 14:50:56,166 - retention_service - WARNING - Bad request for metric prometheus_remote_storage_samples_in_total: {"status":"error","errorType":"bad_data","error":"invalid parameter \"match[]\": 1:44: parse error: unexpected \"}\" in label matching, expected label matching operator"}
2025-06-05 14:50:56,172 - retention_service - WARNING - Bad request for metric prometheus_remote_storage_string_interner_zero_reference_releases_total: {"status":"error","errorType":"bad_data","error":"invalid parameter \"match[]\": 1:73: parse error: unexpected \"}\" in label matching, expected label matching operator"}
2025-06-05 14:50:56,176 - retention_service - WARNING - Bad request for metric prometheus_rule_evaluation_duration_seconds: {"status":"error","errorType":"bad_data","error":"invalid parameter \"match[]\": 1:45: parse error: unexpected \"}\" in label matching, expected label matching operator"}
2025-06-05 14:50:56,180 - retention_service - WARNING - Bad request for metric prometheus_rule_evaluation_duration_seconds_count: {"status":"error","errorType":"bad_data","error":"invalid parameter \"match[]\": 1:51: parse error: unexpected \"}\" in label matching, expected label matching operator"}
2025-06-05 14:50:56,184 - retention_service - WARNING - Bad request for metric prometheus_rule_evaluation_duration_seconds_sum: {"status":"error","errorType":"bad_data","error":"invalid parameter \"match[]\": 1:49: parse error: unexpected \"}\" in label matching, expected label matching operator"}
2025-06-05 14:50:56,188 - retention_service - WARNING - Bad request for metric prometheus_rule_group_duration_seconds: {"status":"error","errorType":"bad_data","error":"invalid parameter \"match[]\": 1:40: parse error: unexpected \"}\" in label matching, expected label matching operator"}
2025-06-05 14:50:56,192 - retention_service - WARNING - Bad request for metric prometheus_rule_group_duration_seconds_count: {"status":"error","errorType":"bad_data","error":"invalid parameter \"match[]\": 1:46: parse error: unexpected \"}\" in label matching, expected label matching operator"}
2025-06-05 14:50:56,196 - retention_service - WARNING - Bad request for metric prometheus_rule_group_duration_seconds_sum: {"status":"error","errorType":"bad_data","error":"invalid parameter \"match[]\": 1:44: parse error: unexpected \"}\" in label matching, expected label matching operator"}
2025-06-05 14:50:56,204 - retention_service - WARNING - Bad request for metric prometheus_sd_azure_cache_hit_total: {"status":"error","errorType":"bad_data","error":"invalid parameter \"match[]\": 1:37: parse error: unexpected \"}\" in label matching, expected label matching operator"}
2025-06-05 14:50:56,211 - retention_service - WARNING - Bad request for metric prometheus_sd_azure_failures_total: {"status":"error","errorType":"bad_data","error":"invalid parameter \"match[]\": 1:36: parse error: unexpected \"}\" in label matching, expected label matching operator"}
2025-06-05 14:50:56,215 - retention_service - WARNING - Bad request for metric prometheus_sd_consul_rpc_duration_seconds: {"status":"error","errorType":"bad_data","error":"invalid parameter \"match[]\": 1:43: parse error: unexpected \"}\" in label matching, expected label matching operator"}
2025-06-05 14:50:56,219 - retention_service - WARNING - Bad request for metric prometheus_sd_consul_rpc_duration_seconds_count: {"status":"error","errorType":"bad_data","error":"invalid parameter \"match[]\": 1:49: parse error: unexpected \"}\" in label matching, expected label matching operator"}
2025-06-05 14:50:56,223 - retention_service - WARNING - Bad request for metric prometheus_sd_consul_rpc_duration_seconds_sum: {"status":"error","errorType":"bad_data","error":"invalid parameter \"match[]\": 1:47: parse error: unexpected \"}\" in label matching, expected label matching operator"}
2025-06-05 14:50:56,227 - retention_service - WARNING - Bad request for metric prometheus_sd_consul_rpc_failures_total: {"status":"error","errorType":"bad_data","error":"invalid parameter \"match[]\": 1:41: parse error: unexpected \"}\" in label matching, expected label matching operator"}
2025-06-05 14:50:56,232 - retention_service - WARNING - Bad request for metric prometheus_sd_discovered_targets: {"status":"error","errorType":"bad_data","error":"invalid parameter \"match[]\": 1:34: parse error: unexpected \"}\" in label matching, expected label matching operator"}
2025-06-05 14:50:56,235 - retention_service - WARNING - Bad request for metric prometheus_sd_dns_lookup_failures_total: {"status":"error","errorType":"bad_data","error":"invalid parameter \"match[]\": 1:41: parse error: unexpected \"}\" in label matching, expected label matching operator"}
2025-06-05 14:50:56,242 - retention_service - WARNING - Bad request for metric prometheus_sd_dns_lookups_total: {"status":"error","errorType":"bad_data","error":"invalid parameter \"match[]\": 1:33: parse error: unexpected \"}\" in label matching, expected label matching operator"}
2025-06-05 14:50:56,248 - retention_service - WARNING - Bad request for metric prometheus_sd_failed_configs: {"status":"error","errorType":"bad_data","error":"invalid parameter \"match[]\": 1:30: parse error: unexpected \"}\" in label matching, expected label matching operator"}
2025-06-05 14:50:56,251 - retention_service - WARNING - Bad request for metric prometheus_sd_file_read_errors_total: {"status":"error","errorType":"bad_data","error":"invalid parameter \"match[]\": 1:38: parse error: unexpected \"}\" in label matching, expected label matching operator"}
2025-06-05 14:50:56,255 - retention_service - WARNING - Bad request for metric prometheus_sd_file_scan_duration_seconds: {"status":"error","errorType":"bad_data","error":"invalid parameter \"match[]\": 1:42: parse error: unexpected \"}\" in label matching, expected label matching operator"}
2025-06-05 14:50:56,259 - retention_service - WARNING - Bad request for metric prometheus_sd_file_scan_duration_seconds_count: {"status":"error","errorType":"bad_data","error":"invalid parameter \"match[]\": 1:48: parse error: unexpected \"}\" in label matching, expected label matching operator"}
2025-06-05 14:50:56,263 - retention_service - WARNING - Bad request for metric prometheus_sd_file_scan_duration_seconds_sum: {"status":"error","errorType":"bad_data","error":"invalid parameter \"match[]\": 1:46: parse error: unexpected \"}\" in label matching, expected label matching operator"}
2025-06-05 14:50:56,269 - retention_service - WARNING - Bad request for metric prometheus_sd_file_watcher_errors_total: {"status":"error","errorType":"bad_data","error":"invalid parameter \"match[]\": 1:41: parse error: unexpected \"}\" in label matching, expected label matching operator"}
2025-06-05 14:50:56,273 - retention_service - WARNING - Bad request for metric prometheus_sd_http_failures_total: {"status":"error","errorType":"bad_data","error":"invalid parameter \"match[]\": 1:35: parse error: unexpected \"}\" in label matching, expected label matching operator"}
2025-06-05 14:50:56,279 - retention_service - WARNING - Bad request for metric prometheus_sd_kubernetes_events_total: {"status":"error","errorType":"bad_data","error":"invalid parameter \"match[]\": 1:39: parse error: unexpected \"}\" in label matching, expected label matching operator"}
2025-06-05 14:50:56,285 - retention_service - WARNING - Bad request for metric prometheus_sd_kubernetes_failures_total: {"status":"error","errorType":"bad_data","error":"invalid parameter \"match[]\": 1:41: parse error: unexpected \"}\" in label matching, expected label matching operator"}
2025-06-05 14:50:56,288 - retention_service - WARNING - Bad request for metric prometheus_sd_kuma_fetch_duration_seconds: {"status":"error","errorType":"bad_data","error":"invalid parameter \"match[]\": 1:43: parse error: unexpected \"}\" in label matching, expected label matching operator"}
2025-06-05 14:50:56,292 - retention_service - WARNING - Bad request for metric prometheus_sd_kuma_fetch_duration_seconds_count: {"status":"error","errorType":"bad_data","error":"invalid parameter \"match[]\": 1:49: parse error: unexpected \"}\" in label matching, expected label matching operator"}
2025-06-05 14:50:56,296 - retention_service - WARNING - Bad request for metric prometheus_sd_kuma_fetch_duration_seconds_sum: {"status":"error","errorType":"bad_data","error":"invalid parameter \"match[]\": 1:47: parse error: unexpected \"}\" in label matching, expected label matching operator"}
2025-06-05 14:50:56,300 - retention_service - WARNING - Bad request for metric prometheus_sd_kuma_fetch_failures_total: {"status":"error","errorType":"bad_data","error":"invalid parameter \"match[]\": 1:41: parse error: unexpected \"}\" in label matching, expected label matching operator"}
2025-06-05 14:50:56,304 - retention_service - WARNING - Bad request for metric prometheus_sd_kuma_fetch_skipped_updates_total: {"status":"error","errorType":"bad_data","error":"invalid parameter \"match[]\": 1:48: parse error: unexpected \"}\" in label matching, expected label matching operator"}
2025-06-05 14:50:56,309 - retention_service - WARNING - Bad request for metric prometheus_sd_linode_failures_total: {"status":"error","errorType":"bad_data","error":"invalid parameter \"match[]\": 1:37: parse error: unexpected \"}\" in label matching, expected label matching operator"}
2025-06-05 14:50:56,315 - retention_service - WARNING - Bad request for metric prometheus_sd_nomad_failures_total: {"status":"error","errorType":"bad_data","error":"invalid parameter \"match[]\": 1:36: parse error: unexpected \"}\" in label matching, expected label matching operator"}
2025-06-05 14:50:56,320 - retention_service - WARNING - Bad request for metric prometheus_sd_received_updates_total: {"status":"error","errorType":"bad_data","error":"invalid parameter \"match[]\": 1:38: parse error: unexpected \"}\" in label matching, expected label matching operator"}
2025-06-05 14:50:56,325 - retention_service - WARNING - Bad request for metric prometheus_sd_updates_delayed_total: {"status":"error","errorType":"bad_data","error":"invalid parameter \"match[]\": 1:37: parse error: unexpected \"}\" in label matching, expected label matching operator"}
2025-06-05 14:50:56,329 - retention_service - WARNING - Bad request for metric prometheus_sd_updates_total: {"status":"error","errorType":"bad_data","error":"invalid parameter \"match[]\": 1:29: parse error: unexpected \"}\" in label matching, expected label matching operator"}
2025-06-05 14:50:56,335 - retention_service - WARNING - Bad request for metric prometheus_target_interval_length_seconds: {"status":"error","errorType":"bad_data","error":"invalid parameter \"match[]\": 1:43: parse error: unexpected \"}\" in label matching, expected label matching operator"}
2025-06-05 14:50:56,339 - retention_service - WARNING - Bad request for metric prometheus_target_interval_length_seconds_count: {"status":"error","errorType":"bad_data","error":"invalid parameter \"match[]\": 1:49: parse error: unexpected \"}\" in label matching, expected label matching operator"}
2025-06-05 14:50:56,343 - retention_service - WARNING - Bad request for metric prometheus_target_interval_length_seconds_sum: {"status":"error","errorType":"bad_data","error":"invalid parameter \"match[]\": 1:47: parse error: unexpected \"}\" in label matching, expected label matching operator"}
2025-06-05 14:50:56,347 - retention_service - WARNING - Bad request for metric prometheus_target_metadata_cache_bytes: {"status":"error","errorType":"bad_data","error":"invalid parameter \"match[]\": 1:40: parse error: unexpected \"}\" in label matching, expected label matching operator"}
2025-06-05 14:50:56,353 - retention_service - WARNING - Bad request for metric prometheus_target_metadata_cache_entries: {"status":"error","errorType":"bad_data","error":"invalid parameter \"match[]\": 1:42: parse error: unexpected \"}\" in label matching, expected label matching operator"}
2025-06-05 14:50:56,360 - retention_service - WARNING - Bad request for metric prometheus_target_scrape_pool_exceeded_label_limits_total: {"status":"error","errorType":"bad_data","error":"invalid parameter \"match[]\": 1:59: parse error: unexpected \"}\" in label matching, expected label matching operator"}
2025-06-05 14:50:56,365 - retention_service - WARNING - Bad request for metric prometheus_target_scrape_pool_exceeded_target_limit_total: {"status":"error","errorType":"bad_data","error":"invalid parameter \"match[]\": 1:59: parse error: unexpected \"}\" in label matching, expected label matching operator"}
2025-06-05 14:50:56,369 - retention_service - WARNING - Bad request for metric prometheus_target_scrape_pool_reloads_failed_total: {"status":"error","errorType":"bad_data","error":"invalid parameter \"match[]\": 1:52: parse error: unexpected \"}\" in label matching, expected label matching operator"}
2025-06-05 14:50:56,373 - retention_service - WARNING - Bad request for metric prometheus_target_scrape_pool_reloads_total: {"status":"error","errorType":"bad_data","error":"invalid parameter \"match[]\": 1:45: parse error: unexpected \"}\" in label matching, expected label matching operator"}
2025-06-05 14:50:56,377 - retention_service - WARNING - Bad request for metric prometheus_target_scrape_pool_symboltable_items: {"status":"error","errorType":"bad_data","error":"invalid parameter \"match[]\": 1:49: parse error: unexpected \"}\" in label matching, expected label matching operator"}
2025-06-05 14:50:56,382 - retention_service - WARNING - Bad request for metric prometheus_target_scrape_pool_sync_total: {"status":"error","errorType":"bad_data","error":"invalid parameter \"match[]\": 1:42: parse error: unexpected \"}\" in label matching, expected label matching operator"}
2025-06-05 14:50:56,390 - retention_service - WARNING - Bad request for metric prometheus_target_scrape_pool_target_limit: {"status":"error","errorType":"bad_data","error":"invalid parameter \"match[]\": 1:44: parse error: unexpected \"}\" in label matching, expected label matching operator"}
2025-06-05 14:50:56,398 - retention_service - WARNING - Bad request for metric prometheus_target_scrape_pool_targets: {"status":"error","errorType":"bad_data","error":"invalid parameter \"match[]\": 1:39: parse error: unexpected \"}\" in label matching, expected label matching operator"}
2025-06-05 14:50:56,403 - retention_service - WARNING - Bad request for metric prometheus_target_scrape_pools_failed_total: {"status":"error","errorType":"bad_data","error":"invalid parameter \"match[]\": 1:45: parse error: unexpected \"}\" in label matching, expected label matching operator"}
2025-06-05 14:50:56,410 - retention_service - WARNING - Bad request for metric prometheus_target_scrape_pools_total: {"status":"error","errorType":"bad_data","error":"invalid parameter \"match[]\": 1:38: parse error: unexpected \"}\" in label matching, expected label matching operator"}
2025-06-05 14:50:56,415 - retention_service - WARNING - Bad request for metric prometheus_target_scrapes_cache_flush_forced_total: {"status":"error","errorType":"bad_data","error":"invalid parameter \"match[]\": 1:52: parse error: unexpected \"}\" in label matching, expected label matching operator"}
2025-06-05 14:50:56,421 - retention_service - WARNING - Bad request for metric prometheus_target_scrapes_exceeded_body_size_limit_total: {"status":"error","errorType":"bad_data","error":"invalid parameter \"match[]\": 1:58: parse error: unexpected \"}\" in label matching, expected label matching operator"}
2025-06-05 14:50:56,426 - retention_service - WARNING - Bad request for metric prometheus_target_scrapes_exceeded_native_histogram_bucket_limit_total: {"status":"error","errorType":"bad_data","error":"invalid parameter \"match[]\": 1:72: parse error: unexpected \"}\" in label matching, expected label matching operator"}
2025-06-05 14:50:56,430 - retention_service - WARNING - Bad request for metric prometheus_target_scrapes_exceeded_sample_limit_total: {"status":"error","errorType":"bad_data","error":"invalid parameter \"match[]\": 1:55: parse error: unexpected \"}\" in label matching, expected label matching operator"}
2025-06-05 14:50:56,439 - retention_service - WARNING - Bad request for metric prometheus_target_scrapes_exemplar_out_of_order_total: {"status":"error","errorType":"bad_data","error":"invalid parameter \"match[]\": 1:55: parse error: unexpected \"}\" in label matching, expected label matching operator"}
2025-06-05 14:50:56,445 - retention_service - WARNING - Bad request for metric prometheus_target_scrapes_sample_duplicate_timestamp_total: {"status":"error","errorType":"bad_data","error":"invalid parameter \"match[]\": 1:60: parse error: unexpected \"}\" in label matching, expected label matching operator"}
2025-06-05 14:50:56,453 - retention_service - WARNING - Bad request for metric prometheus_target_scrapes_sample_out_of_bounds_total: {"status":"error","errorType":"bad_data","error":"invalid parameter \"match[]\": 1:54: parse error: unexpected \"}\" in label matching, expected label matching operator"}
2025-06-05 14:50:56,458 - retention_service - WARNING - Bad request for metric prometheus_target_scrapes_sample_out_of_order_total: {"status":"error","errorType":"bad_data","error":"invalid parameter \"match[]\": 1:53: parse error: unexpected \"}\" in label matching, expected label matching operator"}
2025-06-05 14:50:56,461 - retention_service - WARNING - Bad request for metric prometheus_target_sync_failed_total: {"status":"error","errorType":"bad_data","error":"invalid parameter \"match[]\": 1:37: parse error: unexpected \"}\" in label matching, expected label matching operator"}
2025-06-05 14:50:56,464 - retention_service - WARNING - Bad request for metric prometheus_target_sync_length_seconds: {"status":"error","errorType":"bad_data","error":"invalid parameter \"match[]\": 1:39: parse error: unexpected \"}\" in label matching, expected label matching operator"}
2025-06-05 14:50:56,469 - retention_service - WARNING - Bad request for metric prometheus_target_sync_length_seconds_count: {"status":"error","errorType":"bad_data","error":"invalid parameter \"match[]\": 1:45: parse error: unexpected \"}\" in label matching, expected label matching operator"}
2025-06-05 14:50:56,472 - retention_service - WARNING - Bad request for metric prometheus_target_sync_length_seconds_sum: {"status":"error","errorType":"bad_data","error":"invalid parameter \"match[]\": 1:43: parse error: unexpected \"}\" in label matching, expected label matching operator"}
2025-06-05 14:50:56,478 - retention_service - WARNING - Bad request for metric prometheus_template_text_expansion_failures_total: {"status":"error","errorType":"bad_data","error":"invalid parameter \"match[]\": 1:51: parse error: unexpected \"}\" in label matching, expected label matching operator"}
2025-06-05 14:50:56,486 - retention_service - WARNING - Bad request for metric prometheus_template_text_expansions_total: {"status":"error","errorType":"bad_data","error":"invalid parameter \"match[]\": 1:43: parse error: unexpected \"}\" in label matching, expected label matching operator"}
2025-06-05 14:50:56,490 - retention_service - WARNING - Bad request for metric prometheus_treecache_watcher_goroutines: {"status":"error","errorType":"bad_data","error":"invalid parameter \"match[]\": 1:41: parse error: unexpected \"}\" in label matching, expected label matching operator"}
2025-06-05 14:50:56,494 - retention_service - WARNING - Bad request for metric prometheus_treecache_zookeeper_failures_total: {"status":"error","errorType":"bad_data","error":"invalid parameter \"match[]\": 1:47: parse error: unexpected \"}\" in label matching, expected label matching operator"}
2025-06-05 14:50:56,499 - retention_service - WARNING - Bad request for metric prometheus_tsdb_blocks_loaded: {"status":"error","errorType":"bad_data","error":"invalid parameter \"match[]\": 1:31: parse error: unexpected \"}\" in label matching, expected label matching operator"}
2025-06-05 14:50:56,503 - retention_service - WARNING - Bad request for metric prometheus_tsdb_checkpoint_creations_failed_total: {"status":"error","errorType":"bad_data","error":"invalid parameter \"match[]\": 1:51: parse error: unexpected \"}\" in label matching, expected label matching operator"}
2025-06-05 14:50:56,508 - retention_service - WARNING - Bad request for metric prometheus_tsdb_checkpoint_creations_total: {"status":"error","errorType":"bad_data","error":"invalid parameter \"match[]\": 1:44: parse error: unexpected \"}\" in label matching, expected label matching operator"}
2025-06-05 14:50:56,516 - retention_service - WARNING - Bad request for metric prometheus_tsdb_checkpoint_deletions_failed_total: {"status":"error","errorType":"bad_data","error":"invalid parameter \"match[]\": 1:51: parse error: unexpected \"}\" in label matching, expected label matching operator"}
2025-06-05 14:50:56,522 - retention_service - WARNING - Bad request for metric prometheus_tsdb_checkpoint_deletions_total: {"status":"error","errorType":"bad_data","error":"invalid parameter \"match[]\": 1:44: parse error: unexpected \"}\" in label matching, expected label matching operator"}
2025-06-05 14:50:56,526 - retention_service - WARNING - Bad request for metric prometheus_tsdb_clean_start: {"status":"error","errorType":"bad_data","error":"invalid parameter \"match[]\": 1:29: parse error: unexpected \"}\" in label matching, expected label matching operator"}
2025-06-05 14:50:56,530 - retention_service - WARNING - Bad request for metric prometheus_tsdb_compaction_chunk_range_seconds_bucket: {"status":"error","errorType":"bad_data","error":"invalid parameter \"match[]\": 1:55: parse error: unexpected \"}\" in label matching, expected label matching operator"}
2025-06-05 14:50:56,535 - retention_service - WARNING - Bad request for metric prometheus_tsdb_compaction_chunk_range_seconds_count: {"status":"error","errorType":"bad_data","error":"invalid parameter \"match[]\": 1:54: parse error: unexpected \"}\" in label matching, expected label matching operator"}
2025-06-05 14:50:56,538 - retention_service - WARNING - Bad request for metric prometheus_tsdb_compaction_chunk_range_seconds_sum: {"status":"error","errorType":"bad_data","error":"invalid parameter \"match[]\": 1:52: parse error: unexpected \"}\" in label matching, expected label matching operator"}
2025-06-05 14:50:56,542 - retention_service - WARNING - Bad request for metric prometheus_tsdb_compaction_chunk_samples_bucket: {"status":"error","errorType":"bad_data","error":"invalid parameter \"match[]\": 1:49: parse error: unexpected \"}\" in label matching, expected label matching operator"}
2025-06-05 14:50:56,546 - retention_service - WARNING - Bad request for metric prometheus_tsdb_compaction_chunk_samples_count: {"status":"error","errorType":"bad_data","error":"invalid parameter \"match[]\": 1:48: parse error: unexpected \"}\" in label matching, expected label matching operator"}
2025-06-05 14:50:56,555 - retention_service - WARNING - Bad request for metric prometheus_tsdb_compaction_chunk_samples_sum: {"status":"error","errorType":"bad_data","error":"invalid parameter \"match[]\": 1:46: parse error: unexpected \"}\" in label matching, expected label matching operator"}
2025-06-05 14:50:56,562 - retention_service - WARNING - Bad request for metric prometheus_tsdb_compaction_chunk_size_bytes_bucket: {"status":"error","errorType":"bad_data","error":"invalid parameter \"match[]\": 1:52: parse error: unexpected \"}\" in label matching, expected label matching operator"}
2025-06-05 14:50:56,566 - retention_service - WARNING - Bad request for metric prometheus_tsdb_compaction_chunk_size_bytes_count: {"status":"error","errorType":"bad_data","error":"invalid parameter \"match[]\": 1:51: parse error: unexpected \"}\" in label matching, expected label matching operator"}
2025-06-05 14:50:56,570 - retention_service - WARNING - Bad request for metric prometheus_tsdb_compaction_chunk_size_bytes_sum: {"status":"error","errorType":"bad_data","error":"invalid parameter \"match[]\": 1:49: parse error: unexpected \"}\" in label matching, expected label matching operator"}
2025-06-05 14:50:56,574 - retention_service - WARNING - Bad request for metric prometheus_tsdb_compaction_duration_seconds_bucket: {"status":"error","errorType":"bad_data","error":"invalid parameter \"match[]\": 1:52: parse error: unexpected \"}\" in label matching, expected label matching operator"}
2025-06-05 14:50:56,578 - retention_service - WARNING - Bad request for metric prometheus_tsdb_compaction_duration_seconds_count: {"status":"error","errorType":"bad_data","error":"invalid parameter \"match[]\": 1:51: parse error: unexpected \"}\" in label matching, expected label matching operator"}
2025-06-05 14:50:56,583 - retention_service - WARNING - Bad request for metric prometheus_tsdb_compaction_duration_seconds_sum: {"status":"error","errorType":"bad_data","error":"invalid parameter \"match[]\": 1:49: parse error: unexpected \"}\" in label matching, expected label matching operator"}
2025-06-05 14:50:56,592 - retention_service - WARNING - Bad request for metric prometheus_tsdb_compaction_populating_block: {"status":"error","errorType":"bad_data","error":"invalid parameter \"match[]\": 1:45: parse error: unexpected \"}\" in label matching, expected label matching operator"}
2025-06-05 14:50:56,596 - retention_service - WARNING - Bad request for metric prometheus_tsdb_compactions_failed_total: {"status":"error","errorType":"bad_data","error":"invalid parameter \"match[]\": 1:42: parse error: unexpected \"}\" in label matching, expected label matching operator"}
2025-06-05 14:50:56,602 - retention_service - WARNING - Bad request for metric prometheus_tsdb_compactions_skipped_total: {"status":"error","errorType":"bad_data","error":"invalid parameter \"match[]\": 1:43: parse error: unexpected \"}\" in label matching, expected label matching operator"}
2025-06-05 14:50:56,605 - retention_service - WARNING - Bad request for metric prometheus_tsdb_compactions_total: {"status":"error","errorType":"bad_data","error":"invalid parameter \"match[]\": 1:35: parse error: unexpected \"}\" in label matching, expected label matching operator"}
2025-06-05 14:50:56,609 - retention_service - WARNING - Bad request for metric prometheus_tsdb_compactions_triggered_total: {"status":"error","errorType":"bad_data","error":"invalid parameter \"match[]\": 1:45: parse error: unexpected \"}\" in label matching, expected label matching operator"}
2025-06-05 14:50:56,613 - retention_service - WARNING - Bad request for metric prometheus_tsdb_data_replay_duration_seconds: {"status":"error","errorType":"bad_data","error":"invalid parameter \"match[]\": 1:46: parse error: unexpected \"}\" in label matching, expected label matching operator"}
2025-06-05 14:50:56,618 - retention_service - WARNING - Bad request for metric prometheus_tsdb_exemplar_exemplars_appended_total: {"status":"error","errorType":"bad_data","error":"invalid parameter \"match[]\": 1:51: parse error: unexpected \"}\" in label matching, expected label matching operator"}
2025-06-05 14:50:56,626 - retention_service - WARNING - Bad request for metric prometheus_tsdb_exemplar_exemplars_in_storage: {"status":"error","errorType":"bad_data","error":"invalid parameter \"match[]\": 1:47: parse error: unexpected \"}\" in label matching, expected label matching operator"}
2025-06-05 14:50:56,632 - retention_service - WARNING - Bad request for metric prometheus_tsdb_exemplar_last_exemplars_timestamp_seconds: {"status":"error","errorType":"bad_data","error":"invalid parameter \"match[]\": 1:59: parse error: unexpected \"}\" in label matching, expected label matching operator"}
2025-06-05 14:50:56,636 - retention_service - WARNING - Bad request for metric prometheus_tsdb_exemplar_max_exemplars: {"status":"error","errorType":"bad_data","error":"invalid parameter \"match[]\": 1:40: parse error: unexpected \"}\" in label matching, expected label matching operator"}
2025-06-05 14:50:56,639 - retention_service - WARNING - Bad request for metric prometheus_tsdb_exemplar_out_of_order_exemplars_total: {"status":"error","errorType":"bad_data","error":"invalid parameter \"match[]\": 1:55: parse error: unexpected \"}\" in label matching, expected label matching operator"}
2025-06-05 14:50:56,643 - retention_service - WARNING - Bad request for metric prometheus_tsdb_exemplar_series_with_exemplars_in_storage: {"status":"error","errorType":"bad_data","error":"invalid parameter \"match[]\": 1:59: parse error: unexpected \"}\" in label matching, expected label matching operator"}
2025-06-05 14:50:56,647 - retention_service - WARNING - Bad request for metric prometheus_tsdb_head_active_appenders: {"status":"error","errorType":"bad_data","error":"invalid parameter \"match[]\": 1:39: parse error: unexpected \"}\" in label matching, expected label matching operator"}
2025-06-05 14:50:56,651 - retention_service - WARNING - Bad request for metric prometheus_tsdb_head_chunks: {"status":"error","errorType":"bad_data","error":"invalid parameter \"match[]\": 1:29: parse error: unexpected \"}\" in label matching, expected label matching operator"}
2025-06-05 14:50:56,659 - retention_service - WARNING - Bad request for metric prometheus_tsdb_head_chunks_created_total: {"status":"error","errorType":"bad_data","error":"invalid parameter \"match[]\": 1:43: parse error: unexpected \"}\" in label matching, expected label matching operator"}
2025-06-05 14:50:56,663 - retention_service - WARNING - Bad request for metric prometheus_tsdb_head_chunks_removed_total: {"status":"error","errorType":"bad_data","error":"invalid parameter \"match[]\": 1:43: parse error: unexpected \"}\" in label matching, expected label matching operator"}
2025-06-05 14:50:56,667 - retention_service - WARNING - Bad request for metric prometheus_tsdb_head_chunks_storage_size_bytes: {"status":"error","errorType":"bad_data","error":"invalid parameter \"match[]\": 1:48: parse error: unexpected \"}\" in label matching, expected label matching operator"}
2025-06-05 14:50:56,671 - retention_service - WARNING - Bad request for metric prometheus_tsdb_head_gc_duration_seconds_count: {"status":"error","errorType":"bad_data","error":"invalid parameter \"match[]\": 1:48: parse error: unexpected \"}\" in label matching, expected label matching operator"}
2025-06-05 14:50:56,675 - retention_service - WARNING - Bad request for metric prometheus_tsdb_head_gc_duration_seconds_sum: {"status":"error","errorType":"bad_data","error":"invalid parameter \"match[]\": 1:46: parse error: unexpected \"}\" in label matching, expected label matching operator"}
2025-06-05 14:50:56,679 - retention_service - WARNING - Bad request for metric prometheus_tsdb_head_max_time: {"status":"error","errorType":"bad_data","error":"invalid parameter \"match[]\": 1:31: parse error: unexpected \"}\" in label matching, expected label matching operator"}
2025-06-05 14:50:56,685 - retention_service - WARNING - Bad request for metric prometheus_tsdb_head_max_time_seconds: {"status":"error","errorType":"bad_data","error":"invalid parameter \"match[]\": 1:39: parse error: unexpected \"}\" in label matching, expected label matching operator"}
2025-06-05 14:50:56,689 - retention_service - WARNING - Bad request for metric prometheus_tsdb_head_min_time: {"status":"error","errorType":"bad_data","error":"invalid parameter \"match[]\": 1:31: parse error: unexpected \"}\" in label matching, expected label matching operator"}
2025-06-05 14:50:56,695 - retention_service - WARNING - Bad request for metric prometheus_tsdb_head_min_time_seconds: {"status":"error","errorType":"bad_data","error":"invalid parameter \"match[]\": 1:39: parse error: unexpected \"}\" in label matching, expected label matching operator"}
2025-06-05 14:50:56,702 - retention_service - WARNING - Bad request for metric prometheus_tsdb_head_out_of_order_samples_appended_total: {"status":"error","errorType":"bad_data","error":"invalid parameter \"match[]\": 1:58: parse error: unexpected \"}\" in label matching, expected label matching operator"}
2025-06-05 14:50:56,706 - retention_service - WARNING - Bad request for metric prometheus_tsdb_head_samples_appended_total: {"status":"error","errorType":"bad_data","error":"invalid parameter \"match[]\": 1:45: parse error: unexpected \"}\" in label matching, expected label matching operator"}
2025-06-05 14:50:56,710 - retention_service - WARNING - Bad request for metric prometheus_tsdb_head_series: {"status":"error","errorType":"bad_data","error":"invalid parameter \"match[]\": 1:29: parse error: unexpected \"}\" in label matching, expected label matching operator"}
2025-06-05 14:50:56,714 - retention_service - WARNING - Bad request for metric prometheus_tsdb_head_series_created_total: {"status":"error","errorType":"bad_data","error":"invalid parameter \"match[]\": 1:43: parse error: unexpected \"}\" in label matching, expected label matching operator"}
2025-06-05 14:50:56,719 - retention_service - WARNING - Bad request for metric prometheus_tsdb_head_series_not_found_total: {"status":"error","errorType":"bad_data","error":"invalid parameter \"match[]\": 1:45: parse error: unexpected \"}\" in label matching, expected label matching operator"}
2025-06-05 14:50:56,723 - retention_service - WARNING - Bad request for metric prometheus_tsdb_head_series_removed_total: {"status":"error","errorType":"bad_data","error":"invalid parameter \"match[]\": 1:43: parse error: unexpected \"}\" in label matching, expected label matching operator"}
2025-06-05 14:50:56,727 - retention_service - WARNING - Bad request for metric prometheus_tsdb_head_truncations_failed_total: {"status":"error","errorType":"bad_data","error":"invalid parameter \"match[]\": 1:47: parse error: unexpected \"}\" in label matching, expected label matching operator"}
2025-06-05 14:50:56,733 - retention_service - WARNING - Bad request for metric prometheus_tsdb_head_truncations_total: {"status":"error","errorType":"bad_data","error":"invalid parameter \"match[]\": 1:40: parse error: unexpected \"}\" in label matching, expected label matching operator"}
2025-06-05 14:50:56,740 - retention_service - WARNING - Bad request for metric prometheus_tsdb_isolation_high_watermark: {"status":"error","errorType":"bad_data","error":"invalid parameter \"match[]\": 1:42: parse error: unexpected \"}\" in label matching, expected label matching operator"}
2025-06-05 14:50:56,744 - retention_service - WARNING - Bad request for metric prometheus_tsdb_isolation_low_watermark: {"status":"error","errorType":"bad_data","error":"invalid parameter \"match[]\": 1:41: parse error: unexpected \"}\" in label matching, expected label matching operator"}
2025-06-05 14:50:56,749 - retention_service - WARNING - Bad request for metric prometheus_tsdb_lowest_timestamp: {"status":"error","errorType":"bad_data","error":"invalid parameter \"match[]\": 1:34: parse error: unexpected \"}\" in label matching, expected label matching operator"}
2025-06-05 14:50:56,755 - retention_service - WARNING - Bad request for metric prometheus_tsdb_lowest_timestamp_seconds: {"status":"error","errorType":"bad_data","error":"invalid parameter \"match[]\": 1:42: parse error: unexpected \"}\" in label matching, expected label matching operator"}
2025-06-05 14:50:56,759 - retention_service - WARNING - Bad request for metric prometheus_tsdb_mmap_chunk_corruptions_total: {"status":"error","errorType":"bad_data","error":"invalid parameter \"match[]\": 1:46: parse error: unexpected \"}\" in label matching, expected label matching operator"}
2025-06-05 14:50:56,763 - retention_service - WARNING - Bad request for metric prometheus_tsdb_mmap_chunks_total: {"status":"error","errorType":"bad_data","error":"invalid parameter \"match[]\": 1:35: parse error: unexpected \"}\" in label matching, expected label matching operator"}
2025-06-05 14:50:56,767 - retention_service - WARNING - Bad request for metric prometheus_tsdb_out_of_bound_samples_total: {"status":"error","errorType":"bad_data","error":"invalid parameter \"match[]\": 1:44: parse error: unexpected \"}\" in label matching, expected label matching operator"}
2025-06-05 14:50:56,775 - retention_service - WARNING - Bad request for metric prometheus_tsdb_out_of_order_samples_total: {"status":"error","errorType":"bad_data","error":"invalid parameter \"match[]\": 1:44: parse error: unexpected \"}\" in label matching, expected label matching operator"}
2025-06-05 14:50:56,779 - retention_service - WARNING - Bad request for metric prometheus_tsdb_reloads_failures_total: {"status":"error","errorType":"bad_data","error":"invalid parameter \"match[]\": 1:40: parse error: unexpected \"}\" in label matching, expected label matching operator"}
2025-06-05 14:50:56,785 - retention_service - WARNING - Bad request for metric prometheus_tsdb_reloads_total: {"status":"error","errorType":"bad_data","error":"invalid parameter \"match[]\": 1:31: parse error: unexpected \"}\" in label matching, expected label matching operator"}
2025-06-05 14:50:56,789 - retention_service - WARNING - Bad request for metric prometheus_tsdb_retention_limit_bytes: {"status":"error","errorType":"bad_data","error":"invalid parameter \"match[]\": 1:39: parse error: unexpected \"}\" in label matching, expected label matching operator"}
2025-06-05 14:50:56,793 - retention_service - WARNING - Bad request for metric prometheus_tsdb_retention_limit_seconds: {"status":"error","errorType":"bad_data","error":"invalid parameter \"match[]\": 1:41: parse error: unexpected \"}\" in label matching, expected label matching operator"}
2025-06-05 14:50:56,796 - retention_service - WARNING - Bad request for metric prometheus_tsdb_size_retentions_total: {"status":"error","errorType":"bad_data","error":"invalid parameter \"match[]\": 1:39: parse error: unexpected \"}\" in label matching, expected label matching operator"}
2025-06-05 14:50:56,801 - retention_service - WARNING - Bad request for metric prometheus_tsdb_snapshot_replay_error_total: {"status":"error","errorType":"bad_data","error":"invalid parameter \"match[]\": 1:45: parse error: unexpected \"}\" in label matching, expected label matching operator"}
2025-06-05 14:50:56,805 - retention_service - WARNING - Bad request for metric prometheus_tsdb_storage_blocks_bytes: {"status":"error","errorType":"bad_data","error":"invalid parameter \"match[]\": 1:38: parse error: unexpected \"}\" in label matching, expected label matching operator"}
2025-06-05 14:50:56,811 - retention_service - WARNING - Bad request for metric prometheus_tsdb_symbol_table_size_bytes: {"status":"error","errorType":"bad_data","error":"invalid parameter \"match[]\": 1:41: parse error: unexpected \"}\" in label matching, expected label matching operator"}
2025-06-05 14:50:56,819 - retention_service - WARNING - Bad request for metric prometheus_tsdb_time_retentions_total: {"status":"error","errorType":"bad_data","error":"invalid parameter \"match[]\": 1:39: parse error: unexpected \"}\" in label matching, expected label matching operator"}
2025-06-05 14:50:56,822 - retention_service - WARNING - Bad request for metric prometheus_tsdb_tombstone_cleanup_seconds_bucket: {"status":"error","errorType":"bad_data","error":"invalid parameter \"match[]\": 1:50: parse error: unexpected \"}\" in label matching, expected label matching operator"}
2025-06-05 14:50:56,828 - retention_service - WARNING - Bad request for metric prometheus_tsdb_tombstone_cleanup_seconds_count: {"status":"error","errorType":"bad_data","error":"invalid parameter \"match[]\": 1:49: parse error: unexpected \"}\" in label matching, expected label matching operator"}
2025-06-05 14:50:56,833 - retention_service - WARNING - Bad request for metric prometheus_tsdb_tombstone_cleanup_seconds_sum: {"status":"error","errorType":"bad_data","error":"invalid parameter \"match[]\": 1:47: parse error: unexpected \"}\" in label matching, expected label matching operator"}
2025-06-05 14:50:56,836 - retention_service - WARNING - Bad request for metric prometheus_tsdb_too_old_samples_total: {"status":"error","errorType":"bad_data","error":"invalid parameter \"match[]\": 1:39: parse error: unexpected \"}\" in label matching, expected label matching operator"}
2025-06-05 14:50:56,840 - retention_service - WARNING - Bad request for metric prometheus_tsdb_vertical_compactions_total: {"status":"error","errorType":"bad_data","error":"invalid parameter \"match[]\": 1:44: parse error: unexpected \"}\" in label matching, expected label matching operator"}
2025-06-05 14:50:56,848 - retention_service - WARNING - Bad request for metric prometheus_tsdb_wal_completed_pages_total: {"status":"error","errorType":"bad_data","error":"invalid parameter \"match[]\": 1:43: parse error: unexpected \"}\" in label matching, expected label matching operator"}
2025-06-05 14:50:56,854 - retention_service - WARNING - Bad request for metric prometheus_tsdb_wal_corruptions_total: {"status":"error","errorType":"bad_data","error":"invalid parameter \"match[]\": 1:39: parse error: unexpected \"}\" in label matching, expected label matching operator"}
2025-06-05 14:50:56,857 - retention_service - WARNING - Bad request for metric prometheus_tsdb_wal_fsync_duration_seconds: {"status":"error","errorType":"bad_data","error":"invalid parameter \"match[]\": 1:44: parse error: unexpected \"}\" in label matching, expected label matching operator"}
2025-06-05 14:50:56,861 - retention_service - WARNING - Bad request for metric prometheus_tsdb_wal_fsync_duration_seconds_count: {"status":"error","errorType":"bad_data","error":"invalid parameter \"match[]\": 1:50: parse error: unexpected \"}\" in label matching, expected label matching operator"}
2025-06-05 14:50:56,865 - retention_service - WARNING - Bad request for metric prometheus_tsdb_wal_fsync_duration_seconds_sum: {"status":"error","errorType":"bad_data","error":"invalid parameter \"match[]\": 1:48: parse error: unexpected \"}\" in label matching, expected label matching operator"}
2025-06-05 14:50:56,869 - retention_service - WARNING - Bad request for metric prometheus_tsdb_wal_page_flushes_total: {"status":"error","errorType":"bad_data","error":"invalid parameter \"match[]\": 1:40: parse error: unexpected \"}\" in label matching, expected label matching operator"}
2025-06-05 14:50:56,873 - retention_service - WARNING - Bad request for metric prometheus_tsdb_wal_record_bytes_saved_total: {"status":"error","errorType":"bad_data","error":"invalid parameter \"match[]\": 1:46: parse error: unexpected \"}\" in label matching, expected label matching operator"}
2025-06-05 14:50:56,877 - retention_service - WARNING - Bad request for metric prometheus_tsdb_wal_record_part_writes_total: {"status":"error","errorType":"bad_data","error":"invalid parameter \"match[]\": 1:46: parse error: unexpected \"}\" in label matching, expected label matching operator"}
2025-06-05 14:50:56,884 - retention_service - WARNING - Bad request for metric prometheus_tsdb_wal_record_parts_bytes_written_total: {"status":"error","errorType":"bad_data","error":"invalid parameter \"match[]\": 1:54: parse error: unexpected \"}\" in label matching, expected label matching operator"}
2025-06-05 14:50:56,891 - retention_service - WARNING - Bad request for metric prometheus_tsdb_wal_segment_current: {"status":"error","errorType":"bad_data","error":"invalid parameter \"match[]\": 1:37: parse error: unexpected \"}\" in label matching, expected label matching operator"}
2025-06-05 14:50:56,895 - retention_service - WARNING - Bad request for metric prometheus_tsdb_wal_storage_size_bytes: {"status":"error","errorType":"bad_data","error":"invalid parameter \"match[]\": 1:40: parse error: unexpected \"}\" in label matching, expected label matching operator"}
2025-06-05 14:50:56,899 - retention_service - WARNING - Bad request for metric prometheus_tsdb_wal_truncate_duration_seconds_count: {"status":"error","errorType":"bad_data","error":"invalid parameter \"match[]\": 1:53: parse error: unexpected \"}\" in label matching, expected label matching operator"}
2025-06-05 14:50:56,903 - retention_service - WARNING - Bad request for metric prometheus_tsdb_wal_truncate_duration_seconds_sum: {"status":"error","errorType":"bad_data","error":"invalid parameter \"match[]\": 1:51: parse error: unexpected \"}\" in label matching, expected label matching operator"}
2025-06-05 14:50:56,907 - retention_service - WARNING - Bad request for metric prometheus_tsdb_wal_truncations_failed_total: {"status":"error","errorType":"bad_data","error":"invalid parameter \"match[]\": 1:46: parse error: unexpected \"}\" in label matching, expected label matching operator"}
2025-06-05 14:50:56,912 - retention_service - WARNING - Bad request for metric prometheus_tsdb_wal_truncations_total: {"status":"error","errorType":"bad_data","error":"invalid parameter \"match[]\": 1:39: parse error: unexpected \"}\" in label matching, expected label matching operator"}
2025-06-05 14:50:56,920 - retention_service - WARNING - Bad request for metric prometheus_tsdb_wal_writes_failed_total: {"status":"error","errorType":"bad_data","error":"invalid parameter \"match[]\": 1:41: parse error: unexpected \"}\" in label matching, expected label matching operator"}
2025-06-05 14:50:56,925 - retention_service - WARNING - Bad request for metric prometheus_web_federation_errors_total: {"status":"error","errorType":"bad_data","error":"invalid parameter \"match[]\": 1:40: parse error: unexpected \"}\" in label matching, expected label matching operator"}
2025-06-05 14:50:56,929 - retention_service - WARNING - Bad request for metric prometheus_web_federation_warnings_total: {"status":"error","errorType":"bad_data","error":"invalid parameter \"match[]\": 1:42: parse error: unexpected \"}\" in label matching, expected label matching operator"}
2025-06-05 14:50:57,102 - retention_service - INFO - Policy 1 executed successfully: 0 series deleted
2025-06-05 14:50:57,118 - retention_service - INFO - Executing policy 2: probe_* (retention: 7 days)
2025-06-05 14:50:57,126 - retention_service - INFO - Found 19 metrics matching pattern 'probe_*'
2025-06-05 14:50:57,135 - retention_service - WARNING - Bad request for metric probe_dns_lookup_time_seconds: {"status":"error","errorType":"bad_data","error":"invalid parameter \"match[]\": 1:31: parse error: unexpected \"}\" in label matching, expected label matching operator"}
2025-06-05 14:50:57,139 - retention_service - WARNING - Bad request for metric probe_duration_seconds: {"status":"error","errorType":"bad_data","error":"invalid parameter \"match[]\": 1:24: parse error: unexpected \"}\" in label matching, expected label matching operator"}
2025-06-05 14:50:57,144 - retention_service - WARNING - Bad request for metric probe_failed_due_to_regex: {"status":"error","errorType":"bad_data","error":"invalid parameter \"match[]\": 1:27: parse error: unexpected \"}\" in label matching, expected label matching operator"}
2025-06-05 14:50:57,150 - retention_service - WARNING - Bad request for metric probe_http_content_length: {"status":"error","errorType":"bad_data","error":"invalid parameter \"match[]\": 1:27: parse error: unexpected \"}\" in label matching, expected label matching operator"}
2025-06-05 14:50:57,158 - retention_service - WARNING - Bad request for metric probe_http_duration_seconds: {"status":"error","errorType":"bad_data","error":"invalid parameter \"match[]\": 1:29: parse error: unexpected \"}\" in label matching, expected label matching operator"}
2025-06-05 14:50:57,170 - retention_service - WARNING - Bad request for metric probe_http_last_modified_timestamp_seconds: {"status":"error","errorType":"bad_data","error":"invalid parameter \"match[]\": 1:44: parse error: unexpected \"}\" in label matching, expected label matching operator"}
2025-06-05 14:50:57,174 - retention_service - WARNING - Bad request for metric probe_http_redirects: {"status":"error","errorType":"bad_data","error":"invalid parameter \"match[]\": 1:22: parse error: unexpected \"}\" in label matching, expected label matching operator"}
2025-06-05 14:50:57,178 - retention_service - WARNING - Bad request for metric probe_http_ssl: {"status":"error","errorType":"bad_data","error":"invalid parameter \"match[]\": 1:16: parse error: unexpected \"}\" in label matching, expected label matching operator"}
2025-06-05 14:50:57,183 - retention_service - WARNING - Bad request for metric probe_http_status_code: {"status":"error","errorType":"bad_data","error":"invalid parameter \"match[]\": 1:24: parse error: unexpected \"}\" in label matching, expected label matching operator"}
2025-06-05 14:50:57,186 - retention_service - WARNING - Bad request for metric probe_http_uncompressed_body_length: {"status":"error","errorType":"bad_data","error":"invalid parameter \"match[]\": 1:37: parse error: unexpected \"}\" in label matching, expected label matching operator"}
2025-06-05 14:50:57,190 - retention_service - WARNING - Bad request for metric probe_http_version: {"status":"error","errorType":"bad_data","error":"invalid parameter \"match[]\": 1:20: parse error: unexpected \"}\" in label matching, expected label matching operator"}
2025-06-05 14:50:57,194 - retention_service - WARNING - Bad request for metric probe_ip_addr_hash: {"status":"error","errorType":"bad_data","error":"invalid parameter \"match[]\": 1:20: parse error: unexpected \"}\" in label matching, expected label matching operator"}
2025-06-05 14:50:57,201 - retention_service - WARNING - Bad request for metric probe_ip_protocol: {"status":"error","errorType":"bad_data","error":"invalid parameter \"match[]\": 1:19: parse error: unexpected \"}\" in label matching, expected label matching operator"}
2025-06-05 14:50:57,205 - retention_service - WARNING - Bad request for metric probe_ssl_earliest_cert_expiry: {"status":"error","errorType":"bad_data","error":"invalid parameter \"match[]\": 1:32: parse error: unexpected \"}\" in label matching, expected label matching operator"}
2025-06-05 14:50:57,210 - retention_service - WARNING - Bad request for metric probe_ssl_last_chain_expiry_timestamp_seconds: {"status":"error","errorType":"bad_data","error":"invalid parameter \"match[]\": 1:47: parse error: unexpected \"}\" in label matching, expected label matching operator"}
2025-06-05 14:50:57,214 - retention_service - WARNING - Bad request for metric probe_ssl_last_chain_info: {"status":"error","errorType":"bad_data","error":"invalid parameter \"match[]\": 1:27: parse error: unexpected \"}\" in label matching, expected label matching operator"}
2025-06-05 14:50:57,218 - retention_service - WARNING - Bad request for metric probe_success: {"status":"error","errorType":"bad_data","error":"invalid parameter \"match[]\": 1:15: parse error: unexpected \"}\" in label matching, expected label matching operator"}
2025-06-05 14:50:57,222 - retention_service - WARNING - Bad request for metric probe_tls_cipher_info: {"status":"error","errorType":"bad_data","error":"invalid parameter \"match[]\": 1:23: parse error: unexpected \"}\" in label matching, expected label matching operator"}
2025-06-05 14:50:57,226 - retention_service - WARNING - Bad request for metric probe_tls_version_info: {"status":"error","errorType":"bad_data","error":"invalid parameter \"match[]\": 1:24: parse error: unexpected \"}\" in label matching, expected label matching operator"}
2025-06-05 14:50:57,493 - retention_service - INFO - Policy 2 executed successfully: 0 series deleted
2025-06-05 14:50:57,510 - retention_service - INFO - Executing policy 3: probe_http_duration_seconds (retention: 1 days)
2025-06-05 14:50:57,518 - retention_service - INFO - Found 1 metrics matching pattern 'probe_http_duration_seconds'
2025-06-05 14:50:57,526 - retention_service - WARNING - Bad request for metric probe_http_duration_seconds: {"status":"error","errorType":"bad_data","error":"invalid parameter \"match[]\": 1:29: parse error: unexpected \"}\" in label matching, expected label matching operator"}
2025-06-05 14:50:57,677 - retention_service - INFO - Policy 3 executed successfully: 0 series deleted
2025-06-05 14:50:57,679 - scheduler - INFO - Retention policy execution completed: 3 successful, 0 failed, 0 total series deleted
2025-06-05 14:50:57,682 - apscheduler.executors.default - INFO - Job "Execute Retention Policies (trigger: interval[6:00:00], next run at: 2025-06-05 20:50:55 UTC)" executed successfully
